2025-07-10 09:13:11,413 - INFO - Weather Station System Initialized
2025-07-10 09:13:19,298 - ERROR - Modbus connection failed
2025-07-10 09:13:29,302 - INFO - Switched to GUI-2
2025-07-10 09:13:39,302 - INFO - Switched to GUI-1
2025-07-10 09:13:49,303 - INFO - Switched to GUI-2
2025-07-10 09:13:59,303 - INFO - Switched to GUI-1
2025-07-10 09:14:09,304 - INFO - Switched to GUI-2
2025-07-10 09:14:19,304 - INFO - Switched to GUI-1
2025-07-10 09:14:29,304 - INFO - Switched to GUI-2
2025-07-10 09:21:28,769 - INFO - Weather Station System Initialized
2025-07-10 09:21:36,595 - ERROR - Modbus connection failed
2025-07-10 09:21:46,597 - INFO - Switched to GUI-2
2025-07-10 09:22:06,214 - INFO - Weather Station System Initialized
2025-07-10 09:22:14,400 - ERROR - Modbus connection failed
2025-07-10 09:22:14,402 - ERROR - Error updating display: 'day'
2025-07-10 09:22:24,404 - INFO - Switched to GUI-2
2025-07-10 09:22:34,404 - INFO - Switched to GUI-1
2025-07-10 09:22:44,405 - INFO - Switched to GUI-2
2025-07-10 09:22:54,405 - INFO - Switched to GUI-1
2025-07-10 09:23:04,406 - INFO - Switched to GUI-2
2025-07-10 09:23:14,413 - INFO - Switched to GUI-1
2025-07-10 09:23:24,415 - INFO - Switched to GUI-2
2025-07-10 09:23:34,415 - INFO - Switched to GUI-1
2025-07-10 09:23:44,416 - INFO - Switched to GUI-2
2025-07-10 09:23:54,416 - INFO - Switched to GUI-1
2025-07-10 09:24:04,417 - INFO - Switched to GUI-2
2025-07-10 09:31:00,892 - INFO - Weather Station System Initialized
2025-07-10 09:31:10,592 - ERROR - Modbus connection failed
2025-07-10 09:31:10,594 - ERROR - Error updating display: 'day'
2025-07-10 09:31:20,598 - INFO - Switched to GUI-2
2025-07-10 09:31:30,598 - INFO - Switched to GUI-1
2025-07-10 09:34:19,991 - INFO - Weather Station System Initialized
2025-07-10 09:34:27,786 - ERROR - Modbus connection failed
2025-07-10 09:34:27,787 - ERROR - Error updating display: 'day'
2025-07-10 09:34:37,789 - INFO - Switched to GUI-2
2025-07-10 09:34:47,790 - INFO - Switched to GUI-1
2025-07-10 09:35:30,408 - INFO - Weather Station System Initialized
2025-07-10 09:35:38,202 - ERROR - Modbus connection failed
2025-07-10 09:35:38,202 - ERROR - Error updating display: 'day'
2025-07-10 09:35:48,204 - INFO - Switched to GUI-2
2025-07-10 09:35:58,204 - INFO - Switched to GUI-1
2025-07-10 09:36:08,205 - INFO - Switched to GUI-2
2025-07-10 09:36:18,205 - INFO - Switched to GUI-1
2025-07-10 09:36:28,206 - INFO - Switched to GUI-2
2025-07-10 09:36:38,212 - INFO - Switched to GUI-1
2025-07-10 09:36:48,213 - INFO - Switched to GUI-2
2025-07-10 09:36:50,691 - INFO - Switched to GUI-2
2025-07-10 09:37:00,881 - INFO - Weather Station System Initialized
2025-07-10 09:37:08,714 - ERROR - Modbus connection failed
2025-07-10 09:37:08,715 - ERROR - Error updating display: 'day'
2025-07-10 09:37:18,717 - INFO - Switched to GUI-2
2025-07-10 09:37:28,717 - INFO - Switched to GUI-1
2025-07-10 09:37:38,718 - INFO - Switched to GUI-2
2025-07-10 09:38:23,587 - INFO - Weather Station System Initialized
2025-07-10 09:38:31,658 - ERROR - Modbus connection failed
2025-07-10 09:38:31,659 - ERROR - Error updating display: 'day'
2025-07-10 09:38:41,661 - INFO - Switched to GUI-2
2025-07-10 09:38:51,662 - INFO - Switched to GUI-1
2025-07-10 09:39:57,192 - INFO - Weather Station System Initialized
2025-07-10 09:40:05,041 - ERROR - Modbus connection failed
2025-07-10 09:40:05,042 - ERROR - Error updating display: 'day'
2025-07-10 09:40:15,044 - INFO - Switched to GUI-2
2025-07-10 09:40:25,045 - INFO - Switched to GUI-1
2025-07-10 09:40:35,045 - INFO - Switched to GUI-2
2025-07-10 09:40:45,045 - INFO - Switched to GUI-1
2025-07-10 09:40:55,046 - INFO - Switched to GUI-2
2025-07-10 09:41:05,051 - INFO - Switched to GUI-1
2025-07-10 09:41:15,052 - INFO - Switched to GUI-2
2025-07-10 09:42:03,603 - INFO - Weather Station System Initialized
2025-07-10 09:42:11,535 - ERROR - Modbus connection failed
2025-07-10 09:42:11,537 - ERROR - Error updating display: 'day'
2025-07-10 09:42:21,538 - INFO - Switched to GUI-2
2025-07-10 09:42:31,539 - INFO - Switched to GUI-1
2025-07-10 09:42:41,539 - INFO - Switched to GUI-2
2025-07-10 09:42:51,540 - INFO - Switched to GUI-1
2025-07-10 09:43:01,540 - INFO - Switched to GUI-2
2025-07-10 09:43:11,577 - INFO - Switched to GUI-1
2025-07-10 09:44:02,031 - INFO - Weather Station System Initialized
2025-07-10 09:44:10,454 - ERROR - Modbus connection failed
2025-07-10 09:44:10,455 - ERROR - Error updating display: 'day'
2025-07-10 09:44:20,458 - INFO - Switched to GUI-2
2025-07-10 09:44:51,050 - INFO - Weather Station System Initialized
2025-07-10 09:44:59,013 - ERROR - Modbus connection failed
2025-07-10 09:44:59,016 - ERROR - Error updating display: 'day'
2025-07-10 09:45:09,018 - INFO - Switched to GUI-2
2025-07-10 09:45:19,019 - INFO - Switched to GUI-1
2025-07-10 09:45:29,019 - INFO - Switched to GUI-2
2025-07-10 09:45:39,020 - INFO - Switched to GUI-1
2025-07-10 09:45:49,021 - INFO - Switched to GUI-2
2025-07-10 09:45:59,134 - INFO - Switched to GUI-1
2025-07-10 09:46:09,134 - INFO - Switched to GUI-2
2025-07-10 09:46:19,135 - INFO - Switched to GUI-1
2025-07-10 09:46:29,136 - INFO - Switched to GUI-2
2025-07-10 09:46:37,232 - INFO - Weather Station System Initialized
2025-07-10 09:46:42,116 - INFO - Weather Station System Initialized
2025-07-10 09:47:01,880 - INFO - Weather Station System Initialized
2025-07-10 09:47:09,855 - ERROR - Modbus connection failed
2025-07-10 09:47:09,857 - ERROR - Error updating display: 'day'
2025-07-10 09:47:19,859 - INFO - Switched to GUI-2
2025-07-10 09:50:00,670 - INFO - Weather Station System Initialized
2025-07-10 09:50:08,730 - ERROR - Modbus connection failed
2025-07-10 09:50:08,731 - ERROR - Error updating display: 'day'
2025-07-10 09:50:18,733 - INFO - Switched to GUI-2
2025-07-10 09:52:31,987 - INFO - Weather Station System Initialized
2025-07-10 09:52:31,988 - ERROR - Background image not found: [Errno 2] No such file or directory: '/home/asif/Desktop/multi_gui_awos/images/gui1_image.JPG'
2025-07-10 09:52:32,000 - ERROR - Modbus connection failed
2025-07-10 09:52:32,001 - ERROR - Error updating display: 'day'
2025-07-10 09:52:57,317 - INFO - Weather Station System Initialized
2025-07-10 09:52:57,318 - ERROR - Background image not found: [Errno 2] No such file or directory: '/home/asif/Desktop/multi_gui_awos/images/gui1_image.JPG'
2025-07-10 09:52:57,330 - ERROR - Modbus connection failed
2025-07-10 09:52:57,331 - ERROR - Error updating display: 'day'
2025-07-10 09:53:07,333 - INFO - Switched to GUI-2
2025-07-10 09:56:30,316 - INFO - Weather Station System Initialized
2025-07-10 09:56:38,121 - ERROR - Modbus connection failed
2025-07-10 09:56:38,122 - ERROR - Error updating display: 'day'
2025-07-10 09:56:48,124 - INFO - Switched to GUI-2
2025-07-10 09:56:58,125 - INFO - Switched to GUI-1
2025-07-10 09:57:08,125 - INFO - Switched to GUI-2
2025-07-10 09:57:18,126 - INFO - Switched to GUI-1
2025-07-10 09:57:28,126 - INFO - Switched to GUI-2
2025-07-10 10:05:09,794 - INFO - Weather Station System Initialized
2025-07-10 10:05:09,795 - ERROR - Background image not found: [Errno 2] No such file or directory: '/home/asif/Desktop/multi_gui_awos/images/gui1_image.JPG'
2025-07-10 10:05:09,810 - ERROR - Modbus connection failed
2025-07-10 10:05:09,812 - ERROR - Error updating display: 'day'
2025-07-10 10:07:38,463 - INFO - Weather Station System Initialized
2025-07-10 10:07:46,261 - ERROR - Modbus connection failed
2025-07-10 10:07:46,262 - ERROR - Error updating display: 'day'
2025-07-10 10:07:56,264 - INFO - Switched to GUI-2
2025-07-10 10:08:06,265 - INFO - Switched to GUI-1
2025-07-10 10:08:16,265 - INFO - Switched to GUI-2
2025-07-10 10:08:26,266 - INFO - Switched to GUI-1
2025-07-10 10:08:36,267 - INFO - Switched to GUI-2
2025-07-10 10:19:43,681 - INFO - Weather Station System Initialized
2025-07-10 10:19:51,606 - ERROR - Modbus connection failed
2025-07-10 10:19:51,608 - ERROR - Error updating display: 'day'
2025-07-10 10:20:01,609 - INFO - Switched to GUI-2
2025-07-10 10:20:04,065 - INFO - Manually switched to GUI-1
2025-07-10 10:20:05,185 - INFO - Manually switched to GUI-2
2025-07-10 10:20:06,193 - INFO - Manually switched to GUI-1
2025-07-10 10:20:07,041 - INFO - Manually switched to GUI-2
2025-07-10 10:20:08,521 - INFO - Display paused on GUI-2
2025-07-10 10:20:32,338 - INFO - Display toggling resumed from GUI-2
2025-07-10 10:20:38,003 - INFO - Manually switched to GUI-1
2025-07-10 10:20:39,659 - INFO - Display paused on GUI-1
2025-07-10 10:20:42,051 - INFO - Display toggling resumed from GUI-1
2025-07-10 10:20:52,051 - INFO - Switched to GUI-2
2025-07-10 10:23:12,058 - INFO - Weather Station System Initialized
2025-07-10 10:23:19,863 - ERROR - Modbus connection failed
2025-07-10 10:23:19,864 - ERROR - Error updating display: 'day'
2025-07-10 10:23:29,866 - INFO - Switched to GUI-2
2025-07-10 10:23:39,866 - INFO - Switched to GUI-1
2025-07-10 10:23:49,867 - INFO - Switched to GUI-2
2025-07-10 10:23:59,867 - INFO - Switched to GUI-1
2025-07-10 10:24:09,868 - INFO - Switched to GUI-2
2025-07-10 10:24:19,902 - INFO - Switched to GUI-1
2025-07-10 10:24:29,903 - INFO - Switched to GUI-2
2025-07-10 10:24:39,903 - INFO - Switched to GUI-1
2025-07-10 10:24:49,904 - INFO - Switched to GUI-2
2025-07-10 10:24:59,905 - INFO - Switched to GUI-1
2025-07-10 10:25:09,905 - INFO - Switched to GUI-2
2025-07-10 10:25:19,906 - INFO - Switched to GUI-1
2025-07-10 10:30:48,842 - INFO - Weather Station System Initialized
2025-07-10 10:30:56,734 - ERROR - Modbus connection failed
2025-07-10 10:30:56,735 - ERROR - Error updating display: 'day'
2025-07-10 10:31:06,737 - INFO - Switched to GUI-2
2025-07-10 10:31:16,738 - INFO - Switched to GUI-1
2025-07-10 10:31:26,738 - INFO - Switched to GUI-2
2025-07-10 10:31:36,738 - INFO - Switched to GUI-1
2025-07-10 10:31:46,739 - INFO - Switched to GUI-2
2025-07-10 10:31:56,761 - INFO - Switched to GUI-1
2025-07-10 10:37:40,360 - INFO - Weather Station System Initialized
2025-07-10 10:37:48,571 - ERROR - Modbus connection failed
2025-07-10 10:37:48,572 - ERROR - Error updating display: 'day'
2025-07-10 10:37:57,396 - INFO - Weather Station System Initialized
2025-07-10 10:38:05,225 - ERROR - Modbus connection failed
2025-07-10 10:38:05,226 - ERROR - Error updating display: 'day'
2025-07-10 10:38:15,228 - INFO - Switched to GUI-2
2025-07-10 10:38:25,230 - INFO - Switched to GUI-1
2025-07-10 10:38:35,231 - INFO - Switched to GUI-2
2025-07-10 10:38:45,231 - INFO - Switched to GUI-1
2025-07-10 10:38:55,232 - INFO - Switched to GUI-2
2025-07-10 10:40:57,899 - INFO - Weather Station System Initialized
2025-07-10 10:41:05,689 - ERROR - Modbus connection failed
2025-07-10 10:41:05,690 - ERROR - Error updating display: 'day'
2025-07-10 10:41:15,691 - INFO - Switched to GUI-2
2025-07-10 10:41:25,692 - INFO - Switched to GUI-1
2025-07-10 10:41:35,692 - INFO - Switched to GUI-2
2025-07-10 10:56:18,119 - INFO - Weather Station System Initialized
2025-07-10 10:56:25,914 - ERROR - Modbus connection failed
2025-07-10 10:56:25,914 - ERROR - Error updating display: 'day'
2025-07-10 10:56:35,916 - INFO - Switched to GUI-2
2025-07-10 10:56:45,916 - INFO - Switched to GUI-1
2025-07-10 10:56:55,917 - INFO - Switched to GUI-2
2025-07-10 10:57:05,917 - INFO - Switched to GUI-1
2025-07-10 10:57:15,917 - INFO - Switched to GUI-2
2025-07-10 10:57:25,932 - INFO - Switched to GUI-1
2025-07-10 10:57:35,935 - INFO - Switched to GUI-2
2025-07-10 10:57:45,936 - INFO - Switched to GUI-1
2025-07-10 10:57:55,936 - INFO - Switched to GUI-2
2025-07-10 10:58:05,938 - INFO - Switched to GUI-1
2025-07-10 10:58:15,939 - INFO - Switched to GUI-2
2025-07-10 11:01:42,199 - INFO - Weather Station System Initialized
2025-07-10 11:01:49,990 - ERROR - Modbus connection failed
2025-07-10 11:01:49,990 - ERROR - Error updating display: 'day'
2025-07-10 11:01:59,992 - INFO - Switched to GUI-2
2025-07-10 11:05:48,113 - INFO - Weather Station System Initialized
2025-07-10 11:05:55,916 - ERROR - Modbus connection failed
2025-07-10 11:05:55,918 - ERROR - Error updating display: 'day'
2025-07-10 11:31:15,650 - INFO - Weather Station System Initialized
2025-07-10 11:31:15,650 - ERROR - Background image not found at: /home/asif/Desktop/multi_gui_awos/images/final_blank.png
2025-07-10 11:31:15,650 - ERROR - Failed to load background image: Background image not found: /home/asif/Desktop/multi_gui_awos/images/final_blank.png
2025-07-10 11:31:43,666 - INFO - Weather Station System Initialized
2025-07-10 11:33:08,957 - INFO - Weather Station System Initialized
2025-07-10 11:35:21,851 - INFO - Weather Station System Initialized
2025-07-10 11:35:29,685 - ERROR - Modbus connection failed
2025-07-10 11:35:29,686 - ERROR - Error updating display: 'day'
2025-07-10 11:35:39,688 - INFO - Switched to GUI-2
2025-07-10 11:35:49,688 - INFO - Switched to GUI-1
2025-07-10 11:35:59,688 - INFO - Switched to GUI-2
2025-07-10 11:36:09,689 - INFO - Switched to GUI-1
2025-07-10 11:36:19,689 - INFO - Switched to GUI-2
2025-07-10 11:36:29,700 - INFO - Switched to GUI-1
2025-07-10 11:36:39,701 - INFO - Switched to GUI-2
2025-07-10 11:36:49,701 - INFO - Switched to GUI-1
2025-07-10 11:36:59,702 - INFO - Switched to GUI-2
2025-07-10 11:37:09,702 - INFO - Switched to GUI-1
2025-07-10 11:37:19,703 - INFO - Switched to GUI-2
2025-07-10 11:37:29,703 - INFO - Switched to GUI-1
2025-07-10 11:37:39,703 - INFO - Switched to GUI-2
2025-07-10 11:37:49,704 - INFO - Switched to GUI-1
2025-07-10 11:37:59,704 - INFO - Switched to GUI-2
2025-07-10 11:38:09,705 - INFO - Switched to GUI-1
2025-07-10 11:38:19,705 - INFO - Switched to GUI-2
2025-07-10 11:38:29,706 - INFO - Switched to GUI-1
2025-07-10 11:38:39,707 - INFO - Switched to GUI-2
2025-07-10 11:38:49,707 - INFO - Switched to GUI-1
2025-07-10 11:38:59,708 - INFO - Switched to GUI-2
2025-07-10 11:39:09,708 - INFO - Switched to GUI-1
2025-07-10 11:39:19,708 - INFO - Switched to GUI-2
2025-07-10 11:39:29,709 - INFO - Switched to GUI-1
2025-07-10 11:39:39,709 - INFO - Switched to GUI-2
2025-07-10 11:39:49,709 - INFO - Switched to GUI-1
2025-07-10 11:39:59,710 - INFO - Switched to GUI-2
2025-07-10 11:40:09,710 - INFO - Switched to GUI-1
2025-07-10 11:49:54,440 - INFO - Weather Station System Initialized
2025-07-10 11:50:02,315 - ERROR - Modbus connection failed
2025-07-10 11:50:02,316 - ERROR - Error updating display: 'day'
2025-07-10 11:50:12,318 - INFO - Switched to GUI-2
2025-07-10 11:50:22,318 - INFO - Switched to GUI-1
2025-07-10 11:50:32,319 - INFO - Switched to GUI-2
2025-07-10 11:51:46,875 - INFO - Weather Station System Initialized
2025-07-10 11:51:54,888 - ERROR - Modbus connection failed
2025-07-10 11:51:54,889 - ERROR - Error updating display: 'day'
2025-07-10 11:51:57,805 - INFO - Manually switched to GUI-2
2025-07-10 11:52:07,805 - INFO - Switched to GUI-1
2025-07-10 11:52:10,118 - INFO - Manually switched to GUI-2
2025-07-10 11:52:16,190 - INFO - Manually switched to GUI-1
2025-07-10 11:52:16,982 - INFO - Manually switched to GUI-2
2025-07-10 11:52:18,086 - INFO - Manually switched to GUI-1
2025-07-10 11:52:18,670 - INFO - Manually switched to GUI-2
2025-07-10 11:53:15,799 - INFO - Weather Station System Initialized
2025-07-10 11:53:23,602 - ERROR - Modbus connection failed
2025-07-10 11:53:23,603 - ERROR - Error updating display: 'day'
2025-07-10 11:53:33,604 - INFO - Switched to GUI-2
2025-07-10 11:53:43,605 - INFO - Switched to GUI-1
2025-07-10 11:53:53,605 - INFO - Switched to GUI-2
2025-07-10 11:53:54,195 - INFO - Display paused on GUI-2
2025-07-10 11:54:48,798 - INFO - Display toggling resumed from GUI-2
2025-07-10 11:54:52,910 - INFO - Display paused on GUI-2
2025-07-10 11:55:02,214 - INFO - Display toggling resumed from GUI-2
2025-07-10 11:55:12,215 - INFO - Switched to GUI-1
2025-07-10 11:56:57,596 - INFO - Weather Station System Initialized
2025-07-10 11:57:05,578 - ERROR - Modbus connection failed
2025-07-10 11:57:05,580 - ERROR - Error updating display: 'day'
2025-07-10 11:57:08,237 - INFO - Manually switched to GUI-2
2025-07-10 11:57:10,125 - INFO - Display paused on GUI-2
2025-07-10 11:59:14,572 - INFO - Weather Station System Initialized
2025-07-10 11:59:23,060 - ERROR - Modbus connection failed
2025-07-10 11:59:23,062 - ERROR - Error updating display: 'day'
2025-07-10 11:59:28,767 - INFO - Manually switched to GUI-2
2025-07-10 11:59:38,768 - INFO - Switched to GUI-1
2025-07-10 11:59:39,925 - INFO - Manually switched to GUI-2
2025-07-10 11:59:43,837 - INFO - Manually switched to GUI-1
2025-07-10 12:03:28,209 - INFO - Weather Station System Initialized
2025-07-10 12:03:36,065 - ERROR - Modbus connection failed
2025-07-10 12:03:36,066 - ERROR - Error updating display: 'day'
2025-07-10 12:03:38,025 - INFO - Manually switched to GUI-2
2025-07-10 12:08:35,304 - INFO - Weather Station System Initialized
2025-07-10 12:08:43,496 - ERROR - Modbus connection failed
2025-07-10 12:08:43,496 - ERROR - Error updating display: 'day'
2025-07-10 12:08:53,498 - INFO - Switched to GUI-2
2025-07-10 12:09:03,498 - INFO - Switched to GUI-1
2025-07-10 12:09:13,499 - INFO - Switched to GUI-2
2025-07-10 12:09:23,499 - INFO - Switched to GUI-1
2025-07-10 12:09:26,060 - INFO - Manually switched to GUI-2
2025-07-10 12:09:26,732 - INFO - Display paused on GUI-2
2025-07-10 12:09:33,821 - INFO - Display toggling resumed from GUI-2
2025-07-10 12:09:43,821 - INFO - Switched to GUI-1
2025-07-10 12:10:23,022 - INFO - Weather Station System Initialized
2025-07-10 12:10:30,982 - ERROR - Modbus connection failed
2025-07-10 12:10:30,984 - ERROR - Error updating display: 'day'
2025-07-10 12:10:33,168 - INFO - Manually switched to GUI-2
2025-07-10 12:12:42,643 - INFO - Weather Station System Initialized
2025-07-10 12:12:50,452 - ERROR - Modbus connection failed
2025-07-10 12:12:50,453 - ERROR - Error updating display: 'day'
2025-07-10 12:12:52,440 - INFO - Manually switched to GUI-2
2025-07-10 12:13:02,440 - INFO - Switched to GUI-1
2025-07-10 12:16:50,711 - INFO - Weather Station System Initialized
2025-07-10 12:16:58,544 - ERROR - Modbus connection failed
2025-07-10 12:16:58,546 - ERROR - Error updating display: 'day'
2025-07-10 12:17:02,662 - INFO - Manually switched to GUI-2
2025-07-10 12:17:04,350 - INFO - Manually switched to GUI-1
2025-07-10 12:19:34,788 - INFO - Weather Station System Initialized
2025-07-10 12:19:43,492 - INFO - Weather Station System Initialized
2025-07-10 12:19:45,432 - INFO - Weather Station System Initialized
2025-07-10 12:19:53,414 - ERROR - Modbus connection failed
2025-07-10 12:19:53,415 - ERROR - Error updating display: 'day'
2025-07-10 12:20:03,417 - INFO - Switched to GUI-2
2025-07-10 12:20:13,417 - INFO - Switched to GUI-1
2025-07-10 12:20:23,418 - INFO - Switched to GUI-2
2025-07-10 12:20:31,721 - INFO - Manually switched to GUI-1
2025-07-10 12:20:33,289 - INFO - Display paused on GUI-1
2025-07-10 12:28:05,411 - INFO - Display toggling resumed from GUI-1
2025-07-10 12:28:15,411 - INFO - Switched to GUI-2
2025-07-10 12:29:47,718 - INFO - Weather Station System Initialized
2025-07-10 12:29:58,797 - ERROR - Modbus connection failed
2025-07-10 12:29:58,798 - ERROR - Error updating display: 'day'
2025-07-10 12:30:08,800 - INFO - Switched to GUI-2
2025-07-10 12:30:12,026 - INFO - Manually switched to GUI-1
2025-07-10 12:30:22,026 - INFO - Switched to GUI-2
2025-07-10 12:30:32,026 - INFO - Switched to GUI-1
2025-07-10 12:30:42,028 - INFO - Switched to GUI-2
2025-07-10 12:30:52,028 - INFO - Switched to GUI-1
2025-07-10 12:31:02,028 - INFO - Switched to GUI-2
2025-07-10 12:31:12,029 - INFO - Switched to GUI-1
2025-07-10 12:32:02,718 - INFO - Weather Station System Initialized
2025-07-10 12:32:15,101 - ERROR - Modbus connection failed
2025-07-10 12:32:15,102 - ERROR - Error updating display: 'day'
2025-07-10 12:32:25,104 - INFO - Switched to GUI-2
2025-07-10 12:32:35,104 - INFO - Switched to GUI-1
2025-07-10 12:32:45,105 - INFO - Switched to GUI-2
2025-07-10 12:32:57,732 - INFO - Weather Station System Initialized
2025-07-10 12:33:05,940 - ERROR - Modbus connection failed
2025-07-10 12:33:05,941 - ERROR - Error updating display: 'day'
2025-07-10 12:33:15,942 - INFO - Switched to GUI-2
2025-07-10 12:33:17,548 - INFO - Manually switched to GUI-1
2025-07-10 12:33:19,692 - INFO - Display paused on GUI-1
2025-07-10 12:34:31,623 - INFO - Weather Station System Initialized
2025-07-10 12:34:39,426 - ERROR - Modbus connection failed
2025-07-10 12:34:39,428 - ERROR - Error updating display: 'day'
2025-07-10 12:34:49,429 - INFO - Switched to GUI-2
2025-07-10 12:34:52,785 - INFO - Manually switched to GUI-1
2025-07-10 12:34:55,017 - INFO - Display paused on GUI-1
2025-07-10 12:37:01,571 - INFO - Weather Station System Initialized
2025-07-10 12:37:09,376 - ERROR - Modbus connection failed
2025-07-10 12:37:09,378 - ERROR - Error updating display: 'day'
2025-07-10 12:37:19,379 - INFO - Switched to GUI-2
2025-07-10 12:37:20,825 - INFO - Manually switched to GUI-1
2025-07-10 12:37:21,569 - INFO - Display paused on GUI-1
2025-07-10 12:37:39,770 - INFO - Display toggling resumed from GUI-1
2025-07-10 12:37:45,490 - INFO - Manually switched to GUI-2
2025-07-10 12:45:06,203 - INFO - Weather Station System Initialized
2025-07-10 12:45:14,085 - ERROR - Modbus connection failed
2025-07-10 12:45:14,086 - ERROR - Error updating display: 'day'
2025-07-10 12:45:24,087 - INFO - Switched to GUI-2
2025-07-10 12:45:31,932 - INFO - Manually switched to GUI-1
2025-07-10 12:45:34,276 - INFO - Shutting down weather station system
2025-07-10 12:45:36,276 - INFO - Cleanup completed, exiting application
2025-07-10 12:49:06,131 - INFO - Weather Station System Initialized
2025-07-10 12:49:14,015 - ERROR - Modbus connection failed
2025-07-10 12:49:14,016 - ERROR - Error updating display: 'day'
2025-07-10 12:49:24,018 - INFO - Switched to GUI-2
2025-07-10 12:49:27,897 - INFO - Shutting down weather station system
2025-07-10 12:49:29,017 - INFO - Cleanup completed, exiting application
2025-07-10 12:51:27,410 - INFO - Weather Station System Initialized
2025-07-10 12:51:35,469 - ERROR - Modbus connection failed
2025-07-10 12:51:35,470 - ERROR - Error updating display: 'day'
2025-07-10 12:51:45,472 - INFO - Switched to GUI-2
2025-07-10 12:51:55,472 - INFO - Switched to GUI-1
2025-07-10 12:51:59,138 - INFO - Shutting down weather station system
2025-07-10 12:52:00,472 - INFO - Cleanup completed, exiting application
2025-07-10 12:56:37,840 - INFO - Weather Station System Initialized
2025-07-10 12:56:45,681 - ERROR - Modbus connection failed
2025-07-10 12:56:45,682 - ERROR - Error updating display: 'day'
2025-07-10 12:56:55,684 - INFO - Switched to GUI-2
2025-07-10 12:56:57,930 - INFO - Shutting down weather station system
2025-07-10 12:56:59,930 - INFO - Cleanup completed, exiting application
2025-07-10 12:59:22,807 - INFO - Weather Station System Initialized
2025-07-10 12:59:30,685 - ERROR - Modbus connection failed
2025-07-10 12:59:30,686 - ERROR - Error updating display: 'day'
2025-07-10 12:59:40,687 - INFO - Switched to GUI-2
2025-07-10 12:59:42,531 - INFO - Manually switched to GUI-1
2025-07-10 12:59:43,235 - INFO - Display paused on GUI-1
2025-07-10 13:01:20,578 - INFO - Weather Station System Initialized
2025-07-10 13:01:25,194 - INFO - Weather Station System Initialized
2025-07-10 13:01:33,069 - ERROR - Modbus connection failed
2025-07-10 13:01:33,071 - ERROR - Error updating display: 'day'
2025-07-10 13:01:43,072 - INFO - Switched to GUI-2
2025-07-10 13:01:47,266 - INFO - Shutting down weather station system
2025-07-10 13:01:48,072 - INFO - Cleanup completed, exiting application
2025-07-10 13:03:40,580 - INFO - Weather Station System Initialized
2025-07-10 13:03:48,411 - ERROR - Modbus connection failed
2025-07-10 13:03:48,412 - ERROR - Error updating display: 'day'
2025-07-10 13:03:58,413 - INFO - Switched to GUI-2
2025-07-10 13:04:03,762 - INFO - Manually switched to GUI-1
2025-07-10 13:04:05,218 - INFO - Display paused on GUI-1
2025-07-10 13:04:35,292 - INFO - Shutting down weather station system
2025-07-10 13:04:37,292 - INFO - Cleanup completed, exiting application
2025-07-10 15:00:13,359 - INFO - Weather Station System Initialized
2025-07-10 15:00:21,359 - ERROR - Modbus connection failed
2025-07-10 15:00:21,360 - ERROR - Error updating display: 'day'
2025-07-10 15:00:31,362 - INFO - Switched to GUI-2
2025-07-10 15:00:37,202 - INFO - Shutting down weather station system
2025-07-10 15:00:39,202 - INFO - Cleanup completed, exiting application
2025-07-10 15:03:06,725 - INFO - Weather Station System Initialized
2025-07-10 15:03:14,534 - ERROR - Modbus connection failed
2025-07-10 15:03:14,536 - ERROR - Error updating display: 'day'
2025-07-10 15:03:24,537 - INFO - Switched to GUI-2
2025-07-10 15:03:26,295 - INFO - Manually switched to GUI-1
2025-07-10 15:03:29,603 - INFO - Shutting down weather station system
2025-07-10 15:03:31,603 - INFO - Cleanup completed, exiting application
2025-07-10 15:03:57,584 - INFO - Weather Station System Initialized
2025-07-10 15:04:05,517 - ERROR - Modbus connection failed
2025-07-10 15:04:05,518 - ERROR - Error updating display: 'day'
2025-07-10 15:04:15,125 - INFO - Shutting down weather station system
2025-07-10 15:04:15,519 - INFO - Cleanup completed, exiting application
2025-07-10 15:05:08,715 - INFO - Weather Station System Initialized
2025-07-10 15:05:16,576 - ERROR - Modbus connection failed
2025-07-10 15:05:16,577 - ERROR - Error updating display: 'day'
2025-07-10 15:05:26,578 - INFO - Switched to GUI-2
2025-07-10 15:05:34,834 - INFO - Shutting down weather station system
2025-07-10 15:05:36,578 - INFO - Cleanup completed, exiting application
2025-07-10 15:06:07,581 - INFO - Weather Station System Initialized
2025-07-10 15:06:15,386 - ERROR - Modbus connection failed
2025-07-10 15:06:15,387 - ERROR - Error updating display: 'day'
2025-07-10 15:06:24,716 - INFO - Mapping mode enabled
2025-07-10 15:06:25,388 - INFO - Switched to GUI-2
2025-07-10 15:06:29,549 - INFO - Manually switched to GUI-1
2025-07-10 15:06:33,384 - INFO - Mapped coordinates: (443, 898)
2025-07-10 15:06:39,549 - INFO - Switched to GUI-2
2025-07-10 15:06:39,624 - INFO - Mapped coordinates: (22, 642)
2025-07-10 15:06:49,549 - INFO - Switched to GUI-1
2025-07-10 15:06:59,550 - INFO - Switched to GUI-2
2025-07-10 15:07:09,550 - INFO - Switched to GUI-1
2025-07-10 15:07:13,577 - INFO - Mapped coordinates: (24, 645)
2025-07-10 15:07:19,551 - INFO - Switched to GUI-2
2025-07-10 15:07:21,680 - INFO - Manually switched to GUI-1
2025-07-10 15:07:23,352 - INFO - Display paused on GUI-1
2025-07-10 15:07:28,491 - INFO - Mapped coordinates: (21, 643)
2025-07-10 15:07:32,539 - INFO - Mapped coordinates: (959, 644)
2025-07-10 15:07:38,107 - INFO - Mapped coordinates: (956, 646)
2025-07-10 15:07:42,907 - INFO - Mapped coordinates: (956, 644)
2025-07-10 15:07:47,035 - INFO - Mapped coordinates: (956, 644)
2025-07-10 15:08:33,374 - INFO - Mapped coordinates: (958, 644)
2025-07-10 15:08:37,823 - INFO - Mapped coordinates: (958, 644)
2025-07-10 15:08:42,175 - INFO - Mapped coordinates: (960, 1061)
2025-07-10 15:08:45,967 - INFO - Mapped coordinates: (961, 1056)
2025-07-10 15:08:50,000 - INFO - Mapped coordinates: (959, 1061)
2025-07-10 15:08:51,774 - INFO - Mapped coordinates: (959, 1058)
2025-07-10 15:08:57,743 - INFO - Mapped coordinates: (959, 1058)
2025-07-10 15:09:03,952 - INFO - Mapped coordinates: (960, 642)
2025-07-10 15:09:54,035 - INFO - Mapped coordinates: (958, 641)
2025-07-10 15:09:57,827 - INFO - Mapped coordinates: (958, 641)
2025-07-10 15:10:05,828 - INFO - Mapped coordinates: (953, 722)
2025-07-10 15:10:09,460 - INFO - Mapped coordinates: (955, 721)
2025-07-10 15:10:13,220 - INFO - Mapped coordinates: (955, 721)
2025-07-10 15:10:17,924 - INFO - Mapped coordinates: (955, 721)
2025-07-10 15:10:21,732 - INFO - Mapped coordinates: (958, 1060)
2025-07-10 15:10:58,551 - INFO - Mapped coordinates: (956, 728)
2025-07-10 15:10:59,606 - INFO - Mapped coordinates: (956, 722)
2025-07-10 15:11:01,142 - INFO - Mapped coordinates: (948, 730)
2025-07-10 15:11:03,606 - INFO - Mapped coordinates: (957, 730)
2025-07-10 15:11:25,528 - INFO - Mapped coordinates: (961, 725)
2025-07-10 15:11:30,424 - INFO - Mapped coordinates: (949, 712)
2025-07-10 15:11:31,783 - INFO - Mapped coordinates: (949, 717)
2025-07-10 15:11:38,409 - INFO - Mapped coordinates: (953, 720)
2025-07-10 15:13:00,751 - INFO - Mapped coordinates: (693, 21)
2025-07-10 15:13:06,430 - INFO - Mapped coordinates: (1092, 232)
2025-07-10 15:13:12,270 - INFO - Mapped coordinates: (1097, 635)
2025-07-10 15:13:18,030 - INFO - Mapped coordinates: (1096, 234)
2025-07-10 15:13:43,600 - INFO - Mapped coordinates: (1094, 230)
2025-07-10 15:14:00,241 - INFO - Mapped coordinates: (22, 148)
2025-07-10 15:14:04,977 - INFO - Mapped coordinates: (1093, 151)
2025-07-10 15:14:09,410 - INFO - Mapped coordinates: (903, 531)
2025-07-10 15:14:13,362 - INFO - Mapped coordinates: (903, 531)
2025-07-10 15:14:18,242 - INFO - Mapped coordinates: (194, 553)
2025-07-10 15:14:41,731 - INFO - Mapped coordinates: (187, 478)
2025-07-10 15:15:23,158 - INFO - Mapped coordinates: (670, 9)
2025-07-10 15:15:24,324 - INFO - Mapped coordinates: (631, 29)
2025-07-10 15:15:27,829 - INFO - Mapped coordinates: (1835, 49)
2025-07-10 15:15:34,518 - INFO - Mapped coordinates: (1588, 592)
2025-07-10 15:15:36,037 - INFO - Mapped coordinates: (1579, 592)
2025-07-10 15:15:36,933 - INFO - Mapped coordinates: (1587, 597)
2025-07-10 15:15:42,343 - INFO - Mapped coordinates: (1594, 591)
2025-07-10 15:15:44,405 - INFO - Mapped coordinates: (1596, 592)
2025-07-10 15:15:47,238 - INFO - Mapped coordinates: (1602, 591)
2025-07-10 15:15:53,047 - INFO - Mapped coordinates: (1185, 895)
2025-07-10 15:15:56,759 - INFO - Mapped coordinates: (1185, 895)
2025-07-10 15:16:00,967 - INFO - Mapped coordinates: (1189, 896)
2025-07-10 15:16:04,471 - INFO - Mapped coordinates: (1189, 896)
2025-07-10 15:16:08,936 - INFO - Mapped coordinates: (1208, 896)
2025-07-10 15:16:23,064 - INFO - Mapped coordinates: (875, 22)
2025-07-10 15:16:29,065 - INFO - Mapped coordinates: (1220, 891)
2025-07-10 15:17:27,630 - INFO - Mapped coordinates: (900, 15)
2025-07-10 15:17:31,066 - INFO - Mapping mode disabled
2025-07-10 15:17:33,490 - INFO - Shutting down weather station system
2025-07-10 15:17:35,436 - INFO - Cleanup completed, exiting application
2025-07-10 15:17:41,087 - INFO - Weather Station System Initialized
2025-07-10 15:17:49,005 - ERROR - Modbus connection failed
2025-07-10 15:17:49,006 - ERROR - Error updating display: 'day'
2025-07-10 15:17:59,008 - INFO - Switched to GUI-2
2025-07-10 15:18:09,009 - INFO - Switched to GUI-1
2025-07-10 15:18:19,009 - INFO - Switched to GUI-2
2025-07-10 15:18:29,010 - INFO - Switched to GUI-1
2025-07-10 15:18:39,011 - INFO - Switched to GUI-2
2025-07-10 15:18:46,246 - INFO - Manually switched to GUI-1
2025-07-10 15:18:47,054 - INFO - Display paused on GUI-1
2025-07-10 15:21:32,556 - INFO - Weather Station System Initialized
2025-07-10 15:21:40,468 - ERROR - Modbus connection failed
2025-07-10 15:21:40,470 - ERROR - Error updating display: 'day'
2025-07-10 15:21:50,472 - INFO - Switched to GUI-2
2025-07-10 15:22:00,472 - INFO - Switched to GUI-1
2025-07-10 15:22:10,473 - INFO - Switched to GUI-2
2025-07-10 15:22:14,858 - INFO - Mapping mode enabled
2025-07-10 15:22:16,653 - INFO - Mapped coordinates: (1073, 10)
2025-07-10 15:22:20,473 - INFO - Switched to GUI-1
2025-07-10 15:22:21,933 - INFO - Mapped coordinates: (1841, 55)
2025-07-10 15:22:23,916 - INFO - Mapped coordinates: (1422, 8)
2025-07-10 15:22:26,331 - INFO - Mapping mode disabled
2025-07-10 15:22:30,474 - INFO - Switched to GUI-2
2025-07-10 15:22:40,503 - INFO - Switched to GUI-1
2025-07-10 15:22:50,504 - INFO - Switched to GUI-2
2025-07-10 15:23:00,504 - INFO - Switched to GUI-1
2025-07-10 15:23:10,505 - INFO - Switched to GUI-2
2025-07-10 15:23:15,717 - INFO - Shutting down weather station system
2025-07-10 15:23:17,717 - INFO - Cleanup completed, exiting application
2025-07-10 15:23:31,589 - INFO - Weather Station System Initialized
2025-07-10 15:23:39,528 - ERROR - Modbus connection failed
2025-07-10 15:23:39,529 - ERROR - Error updating display: 'day'
2025-07-10 15:23:46,663 - INFO - Mapping mode enabled
2025-07-10 15:23:49,531 - INFO - Switched to GUI-2
2025-07-10 15:23:52,007 - INFO - Manually switched to GUI-1
2025-07-10 15:23:53,391 - INFO - Display paused on GUI-1
2025-07-10 15:23:56,674 - INFO - Mapped coordinates: (1032, 808)
2025-07-10 15:24:01,250 - INFO - Mapped coordinates: (1023, 886)
2025-07-10 15:24:04,898 - INFO - Mapped coordinates: (1166, 889)
2025-07-10 15:24:07,927 - INFO - Mapped coordinates: (1417, 897)
2025-07-10 15:24:09,698 - INFO - Mapped coordinates: (955, 904)
2025-07-10 15:24:11,457 - INFO - Mapped coordinates: (963, 903)
2025-07-10 15:24:18,883 - INFO - Mapped coordinates: (1461, 901)
2025-07-10 15:25:47,098 - INFO - Weather Station System Initialized
2025-07-10 15:25:54,961 - ERROR - Modbus connection failed
2025-07-10 15:25:54,962 - ERROR - Error updating display: 'day'
2025-07-10 15:26:04,963 - INFO - Switched to GUI-2
2025-07-10 15:26:14,964 - INFO - Switched to GUI-1
2025-07-10 15:26:24,964 - INFO - Switched to GUI-2
2025-07-10 15:26:34,964 - INFO - Switched to GUI-1
2025-07-10 15:26:44,965 - INFO - Switched to GUI-2
2025-07-10 15:26:54,989 - INFO - Switched to GUI-1
2025-07-10 15:27:04,990 - INFO - Switched to GUI-2
2025-07-10 15:27:14,990 - INFO - Switched to GUI-1
2025-07-10 15:27:24,991 - INFO - Switched to GUI-2
2025-07-10 15:27:34,993 - INFO - Switched to GUI-1
2025-07-10 15:27:44,994 - INFO - Switched to GUI-2
2025-07-10 15:27:54,998 - INFO - Switched to GUI-1
2025-07-10 15:28:04,999 - INFO - Switched to GUI-2
2025-07-10 15:28:15,000 - INFO - Switched to GUI-1
2025-07-10 15:28:25,001 - INFO - Switched to GUI-2
2025-07-10 15:28:35,001 - INFO - Switched to GUI-1
2025-07-10 15:28:45,002 - INFO - Switched to GUI-2
2025-07-10 15:28:55,003 - INFO - Switched to GUI-1
2025-07-10 15:29:05,005 - INFO - Switched to GUI-2
2025-07-10 15:29:15,005 - INFO - Switched to GUI-1
2025-07-10 15:29:25,006 - INFO - Switched to GUI-2
2025-07-10 15:29:35,007 - INFO - Switched to GUI-1
2025-07-10 15:29:45,008 - INFO - Switched to GUI-2
2025-07-10 15:29:55,008 - INFO - Switched to GUI-1
2025-07-10 15:30:05,009 - INFO - Switched to GUI-2
2025-07-10 15:30:15,010 - INFO - Switched to GUI-1
2025-07-10 15:30:25,010 - INFO - Switched to GUI-2
2025-07-10 15:30:35,011 - INFO - Switched to GUI-1
2025-07-10 15:30:45,012 - INFO - Switched to GUI-2
2025-07-10 15:30:55,014 - INFO - Switched to GUI-1
2025-07-10 15:31:05,014 - INFO - Switched to GUI-2
2025-07-10 15:31:15,015 - INFO - Switched to GUI-1
2025-07-10 15:31:25,016 - INFO - Switched to GUI-2
2025-07-10 15:31:35,016 - INFO - Switched to GUI-1
2025-07-10 15:31:45,017 - INFO - Switched to GUI-2
2025-07-10 15:31:55,019 - INFO - Switched to GUI-1
2025-07-10 15:32:05,020 - INFO - Switched to GUI-2
2025-07-10 15:32:15,021 - INFO - Switched to GUI-1
2025-07-10 15:32:25,021 - INFO - Switched to GUI-2
2025-07-10 15:32:35,022 - INFO - Switched to GUI-1
2025-07-10 15:32:45,023 - INFO - Switched to GUI-2
2025-07-10 15:32:55,023 - INFO - Switched to GUI-1
2025-07-10 15:33:05,024 - INFO - Switched to GUI-2
2025-07-10 15:33:15,025 - INFO - Switched to GUI-1
2025-07-10 15:33:25,025 - INFO - Switched to GUI-2
2025-07-10 15:33:35,026 - INFO - Switched to GUI-1
2025-07-10 15:33:45,027 - INFO - Switched to GUI-2
2025-07-10 15:33:55,028 - INFO - Switched to GUI-1
2025-07-10 15:34:05,028 - INFO - Switched to GUI-2
2025-07-10 15:34:15,029 - INFO - Switched to GUI-1
2025-07-10 15:34:25,030 - INFO - Switched to GUI-2
2025-07-10 15:34:35,030 - INFO - Switched to GUI-1
2025-07-10 15:34:45,031 - INFO - Switched to GUI-2
2025-07-10 15:34:55,032 - INFO - Switched to GUI-1
2025-07-10 15:35:05,033 - INFO - Switched to GUI-2
2025-07-10 15:35:15,033 - INFO - Switched to GUI-1
2025-07-10 15:35:25,034 - INFO - Switched to GUI-2
2025-07-10 15:35:35,035 - INFO - Switched to GUI-1
2025-07-10 15:35:45,035 - INFO - Switched to GUI-2
2025-07-10 15:35:55,036 - INFO - Switched to GUI-1
2025-07-10 15:36:05,037 - INFO - Switched to GUI-2
2025-07-10 15:36:15,037 - INFO - Switched to GUI-1
2025-07-10 15:36:25,038 - INFO - Switched to GUI-2
2025-07-10 15:36:35,039 - INFO - Switched to GUI-1
2025-07-10 15:36:45,040 - INFO - Switched to GUI-2
2025-07-10 15:36:55,041 - INFO - Switched to GUI-1
2025-07-10 15:37:05,042 - INFO - Switched to GUI-2
2025-07-10 15:37:15,042 - INFO - Switched to GUI-1
2025-07-10 15:37:25,043 - INFO - Switched to GUI-2
2025-07-10 15:37:35,044 - INFO - Switched to GUI-1
2025-07-10 15:37:45,045 - INFO - Switched to GUI-2
2025-07-10 15:37:50,518 - INFO - Manually switched to GUI-1
2025-07-10 15:37:53,078 - INFO - Shutting down weather station system
2025-07-10 15:37:55,016 - INFO - Cleanup completed, exiting application
2025-07-10 15:46:43,924 - INFO - Weather Station System Initialized
2025-07-10 15:48:02,238 - INFO - Weather Station System Initialized
2025-07-10 15:48:10,040 - ERROR - Modbus connection failed
2025-07-10 15:48:10,041 - ERROR - Error updating display: 'day'
2025-07-10 15:48:20,042 - INFO - Switched to GUI-2
2025-07-10 15:48:22,289 - INFO - Manually switched to GUI-1
2025-07-10 15:48:32,290 - INFO - Switched to GUI-2
2025-07-10 15:48:33,986 - INFO - Manually switched to GUI-1
2025-07-10 15:48:36,714 - INFO - Display paused on GUI-1
2025-07-10 15:48:38,706 - INFO - Mapping mode enabled
2025-07-10 15:48:42,661 - INFO - Mapped coordinates: (1677, 888)
2025-07-10 15:48:43,859 - INFO - Mapped coordinates: (1671, 887)
2025-07-10 15:48:47,557 - INFO - Mapped coordinates: (1672, 890)
2025-07-10 15:50:07,941 - INFO - Weather Station System Initialized
2025-07-10 15:50:15,760 - ERROR - Modbus connection failed
2025-07-10 15:50:15,761 - ERROR - Error updating display: 'day'
2025-07-10 15:50:20,992 - INFO - Shutting down weather station system
2025-07-10 15:50:22,994 - INFO - Cleanup completed, exiting application
2025-07-10 15:52:52,109 - INFO - Weather Station System Initialized
2025-07-10 15:52:59,941 - ERROR - Modbus connection failed
2025-07-10 15:52:59,942 - ERROR - Error updating display: 'day'
2025-07-10 15:53:09,944 - INFO - Switched to GUI-2
2025-07-10 15:53:19,944 - INFO - Switched to GUI-1
2025-07-10 15:53:21,523 - INFO - Display paused on GUI-1
2025-07-10 15:53:52,956 - INFO - Shutting down weather station system
2025-07-10 15:53:54,946 - INFO - Cleanup completed, exiting application
2025-07-10 23:17:19,194 - INFO - Weather Station System Initialized
2025-07-10 23:17:27,099 - ERROR - Modbus connection failed
2025-07-10 23:17:27,100 - INFO - CSV writer thread started. Output directory: /home/asif/Desktop/multi_gui_awos/csv_data
2025-07-10 23:17:27,100 - ERROR - Error updating display: 'day'
2025-07-10 23:17:27,101 - INFO - Switched to GUI-2 (Next toggle in 5s
2025-07-10 23:17:32,101 - INFO - Switched to GUI-1 (Next toggle in 10s
2025-07-10 23:17:42,102 - INFO - Switched to GUI-2 (Next toggle in 5s
2025-07-10 23:17:47,102 - INFO - Switched to GUI-1 (Next toggle in 10s
2025-07-10 23:17:57,103 - INFO - Switched to GUI-2 (Next toggle in 5s
2025-07-10 23:18:02,103 - INFO - Switched to GUI-1 (Next toggle in 10s
2025-07-10 23:18:12,106 - INFO - Switched to GUI-2 (Next toggle in 5s
2025-07-10 23:18:17,106 - INFO - Switched to GUI-1 (Next toggle in 10s
2025-07-10 23:18:27,107 - INFO - Switched to GUI-2 (Next toggle in 5s
2025-07-10 23:18:30,636 - INFO - Shutting down weather station system
2025-07-10 23:18:32,104 - INFO - Cleanup completed, exiting application
2025-07-10 23:37:34,057 - INFO - Weather Station System Initialized
2025-07-10 23:37:41,839 - ERROR - Modbus connection failed
2025-07-10 23:37:41,840 - INFO - CSV writer thread started. Output directory: /home/asif/Desktop/multi_gui_awos/csv_data
2025-07-10 23:37:41,840 - ERROR - Error updating display: 'day'
2025-07-10 23:37:41,841 - INFO - Switched to GUI-2 (Next toggle in 5s
2025-07-10 23:37:46,841 - INFO - Switched to GUI-1 (Next toggle in 10s
2025-07-10 23:37:56,842 - INFO - Switched to GUI-2 (Next toggle in 5s
2025-07-10 23:38:01,842 - INFO - Switched to GUI-1 (Next toggle in 10s
2025-07-10 23:38:09,142 - INFO - Shutting down weather station system
2025-07-10 23:38:11,143 - INFO - Cleanup completed, exiting application
