2025-07-08 15:40:18,215 - INFO - Weather Station System Initialized
2025-07-08 15:40:18,511 - ERROR - Failed to connect to Modbus
2025-07-08 15:40:18,512 - ERROR - Modbus connection failed
2025-07-08 15:40:18,512 - INFO - Current sensor data: {'temperature': None, 'humidity': None, 'pressure': None, 'uv_index': None, 'wind_speed': None, 'wind_direction': None, 'rainfall': None, 'aqi': None, 'timestamp': None}
2025-07-08 15:40:18,512 - ERROR - Display update error: unsupported operand type(s) for *: 'NoneType' and 'float'
2025-07-08 15:40:19,512 - INFO - Current sensor data: {'temperature': None, 'humidity': None, 'pressure': None, 'uv_index': None, 'wind_speed': None, 'wind_direction': None, 'rainfall': None, 'aqi': None, 'timestamp': None}
2025-07-08 15:40:19,512 - ERROR - Display update error: unsupported operand type(s) for *: 'NoneType' and 'float'
2025-07-08 15:40:20,513 - INFO - Current sensor data: {'temperature': None, 'humidity': None, 'pressure': None, 'uv_index': None, 'wind_speed': None, 'wind_direction': None, 'rainfall': None, 'aqi': None, 'timestamp': None}
2025-07-08 15:40:20,513 - ERROR - Display update error: unsupported operand type(s) for *: 'NoneType' and 'float'
2025-07-08 15:40:21,513 - INFO - Current sensor data: {'temperature': None, 'humidity': None, 'pressure': None, 'uv_index': None, 'wind_speed': None, 'wind_direction': None, 'rainfall': None, 'aqi': None, 'timestamp': None}
2025-07-08 15:40:21,513 - ERROR - Display update error: unsupported operand type(s) for *: 'NoneType' and 'float'
2025-07-08 15:40:22,513 - INFO - Current sensor data: {'temperature': None, 'humidity': None, 'pressure': None, 'uv_index': None, 'wind_speed': None, 'wind_direction': None, 'rainfall': None, 'aqi': None, 'timestamp': None}
2025-07-08 15:40:22,513 - ERROR - Display update error: unsupported operand type(s) for *: 'NoneType' and 'float'
2025-07-08 15:40:23,512 - ERROR - Modbus connection failed
2025-07-08 15:40:23,514 - INFO - Current sensor data: {'temperature': None, 'humidity': None, 'pressure': None, 'uv_index': None, 'wind_speed': None, 'wind_direction': None, 'rainfall': None, 'aqi': None, 'timestamp': None}
2025-07-08 15:40:23,514 - ERROR - Display update error: unsupported operand type(s) for *: 'NoneType' and 'float'
2025-07-08 15:40:24,514 - INFO - Current sensor data: {'temperature': None, 'humidity': None, 'pressure': None, 'uv_index': None, 'wind_speed': None, 'wind_direction': None, 'rainfall': None, 'aqi': None, 'timestamp': None}
2025-07-08 15:40:24,514 - ERROR - Display update error: unsupported operand type(s) for *: 'NoneType' and 'float'
2025-07-08 15:40:25,514 - INFO - Current sensor data: {'temperature': None, 'humidity': None, 'pressure': None, 'uv_index': None, 'wind_speed': None, 'wind_direction': None, 'rainfall': None, 'aqi': None, 'timestamp': None}
2025-07-08 15:40:25,515 - ERROR - Display update error: unsupported operand type(s) for *: 'NoneType' and 'float'
2025-07-08 15:40:26,515 - INFO - Current sensor data: {'temperature': None, 'humidity': None, 'pressure': None, 'uv_index': None, 'wind_speed': None, 'wind_direction': None, 'rainfall': None, 'aqi': None, 'timestamp': None}
2025-07-08 15:40:26,515 - ERROR - Display update error: unsupported operand type(s) for *: 'NoneType' and 'float'
2025-07-08 15:40:27,515 - INFO - Current sensor data: {'temperature': None, 'humidity': None, 'pressure': None, 'uv_index': None, 'wind_speed': None, 'wind_direction': None, 'rainfall': None, 'aqi': None, 'timestamp': None}
2025-07-08 15:40:27,515 - ERROR - Display update error: unsupported operand type(s) for *: 'NoneType' and 'float'
2025-07-08 15:40:28,513 - ERROR - Modbus connection failed
2025-07-08 15:40:28,515 - INFO - Current sensor data: {'temperature': None, 'humidity': None, 'pressure': None, 'uv_index': None, 'wind_speed': None, 'wind_direction': None, 'rainfall': None, 'aqi': None, 'timestamp': None}
2025-07-08 15:40:28,515 - ERROR - Display update error: unsupported operand type(s) for *: 'NoneType' and 'float'
2025-07-08 15:40:29,516 - INFO - Current sensor data: {'temperature': None, 'humidity': None, 'pressure': None, 'uv_index': None, 'wind_speed': None, 'wind_direction': None, 'rainfall': None, 'aqi': None, 'timestamp': None}
2025-07-08 15:40:29,516 - ERROR - Display update error: unsupported operand type(s) for *: 'NoneType' and 'float'
2025-07-08 15:40:30,516 - INFO - Current sensor data: {'temperature': None, 'humidity': None, 'pressure': None, 'uv_index': None, 'wind_speed': None, 'wind_direction': None, 'rainfall': None, 'aqi': None, 'timestamp': None}
2025-07-08 15:40:30,516 - ERROR - Display update error: unsupported operand type(s) for *: 'NoneType' and 'float'
2025-07-08 15:40:30,840 - INFO - Shutting down weather station system
2025-07-08 16:01:37,507 - INFO - Weather Station System Initialized
2025-07-08 16:01:38,251 - ERROR - Failed to connect to Modbus
2025-07-08 16:01:38,252 - ERROR - Modbus connection failed
2025-07-08 16:01:43,253 - ERROR - Modbus connection failed
2025-07-08 16:01:48,254 - ERROR - Modbus connection failed
2025-07-08 16:01:53,254 - ERROR - Modbus connection failed
2025-07-08 16:01:58,254 - ERROR - Modbus connection failed
2025-07-08 16:02:03,255 - ERROR - Modbus connection failed
2025-07-08 16:02:08,256 - ERROR - Modbus connection failed
2025-07-08 16:02:13,256 - ERROR - Modbus connection failed
2025-07-08 16:02:18,256 - ERROR - Modbus connection failed
2025-07-08 16:02:23,257 - ERROR - Modbus connection failed
2025-07-08 16:02:28,258 - ERROR - Modbus connection failed
2025-07-08 16:02:33,259 - ERROR - Modbus connection failed
2025-07-08 16:02:38,259 - ERROR - Modbus connection failed
2025-07-08 16:02:43,259 - ERROR - Modbus connection failed
2025-07-08 16:02:48,260 - ERROR - Modbus connection failed
2025-07-08 16:02:53,260 - ERROR - Modbus connection failed
2025-07-08 16:02:58,261 - ERROR - Modbus connection failed
2025-07-08 16:03:03,261 - ERROR - Modbus connection failed
2025-07-08 16:03:08,261 - ERROR - Modbus connection failed
2025-07-08 16:03:13,264 - ERROR - Modbus connection failed
2025-07-08 16:03:18,265 - ERROR - Modbus connection failed
2025-07-08 16:03:23,265 - ERROR - Modbus connection failed
2025-07-08 16:03:28,266 - ERROR - Modbus connection failed
2025-07-08 16:03:33,275 - ERROR - Modbus connection failed
2025-07-08 16:03:38,275 - ERROR - Modbus connection failed
2025-07-08 16:03:43,276 - ERROR - Modbus connection failed
2025-07-08 16:03:48,276 - ERROR - Modbus connection failed
2025-07-08 16:03:53,277 - ERROR - Modbus connection failed
2025-07-08 16:03:58,277 - ERROR - Modbus connection failed
2025-07-08 16:04:03,278 - ERROR - Modbus connection failed
2025-07-08 16:04:08,278 - ERROR - Modbus connection failed
2025-07-08 16:04:13,278 - ERROR - Modbus connection failed
2025-07-08 16:04:18,279 - ERROR - Modbus connection failed
2025-07-08 16:04:23,279 - ERROR - Modbus connection failed
2025-07-08 16:04:28,284 - ERROR - Modbus connection failed
2025-07-08 16:04:33,285 - ERROR - Modbus connection failed
2025-07-08 16:04:38,285 - ERROR - Modbus connection failed
2025-07-08 16:04:43,285 - ERROR - Modbus connection failed
2025-07-08 16:04:48,286 - ERROR - Modbus connection failed
2025-07-08 16:04:53,286 - ERROR - Modbus connection failed
2025-07-08 16:04:58,287 - ERROR - Modbus connection failed
2025-07-08 16:05:03,287 - ERROR - Modbus connection failed
2025-07-08 16:05:08,287 - ERROR - Modbus connection failed
2025-07-08 16:05:13,288 - ERROR - Modbus connection failed
2025-07-08 16:05:18,292 - ERROR - Modbus connection failed
2025-07-08 16:05:23,293 - ERROR - Modbus connection failed
2025-07-08 16:05:28,293 - ERROR - Modbus connection failed
2025-07-08 16:05:33,294 - ERROR - Modbus connection failed
2025-07-08 16:05:38,294 - ERROR - Modbus connection failed
2025-07-08 16:05:43,294 - ERROR - Modbus connection failed
2025-07-08 16:05:48,295 - ERROR - Modbus connection failed
2025-07-08 16:05:53,295 - ERROR - Modbus connection failed
2025-07-08 16:05:58,296 - ERROR - Modbus connection failed
2025-07-08 16:06:03,296 - ERROR - Modbus connection failed
2025-07-08 16:06:08,298 - ERROR - Modbus connection failed
2025-07-08 16:06:13,299 - ERROR - Modbus connection failed
2025-07-08 16:06:18,299 - ERROR - Modbus connection failed
2025-07-08 16:06:23,300 - ERROR - Modbus connection failed
2025-07-08 16:06:28,300 - ERROR - Modbus connection failed
2025-07-08 16:06:33,300 - ERROR - Modbus connection failed
2025-07-08 16:06:38,317 - ERROR - Modbus connection failed
2025-07-08 16:06:43,317 - ERROR - Modbus connection failed
2025-07-08 16:06:48,317 - ERROR - Modbus connection failed
2025-07-08 16:06:53,325 - ERROR - Modbus connection failed
2025-07-08 16:06:58,326 - ERROR - Modbus connection failed
2025-07-08 16:07:03,326 - ERROR - Modbus connection failed
2025-07-08 16:07:08,327 - ERROR - Modbus connection failed
2025-07-08 16:07:13,327 - ERROR - Modbus connection failed
2025-07-08 16:07:18,327 - ERROR - Modbus connection failed
2025-07-08 16:07:23,328 - ERROR - Modbus connection failed
2025-07-08 16:07:28,328 - ERROR - Modbus connection failed
2025-07-08 16:07:33,329 - ERROR - Modbus connection failed
2025-07-08 16:07:38,330 - ERROR - Modbus connection failed
2025-07-08 16:07:43,332 - ERROR - Modbus connection failed
2025-07-08 16:07:48,337 - ERROR - Modbus connection failed
2025-07-08 16:07:53,337 - ERROR - Modbus connection failed
2025-07-08 16:07:58,337 - ERROR - Modbus connection failed
2025-07-08 16:08:03,338 - ERROR - Modbus connection failed
2025-07-08 16:08:08,338 - ERROR - Modbus connection failed
2025-07-08 16:08:13,338 - ERROR - Modbus connection failed
2025-07-08 16:08:18,339 - ERROR - Modbus connection failed
2025-07-08 16:08:23,339 - ERROR - Modbus connection failed
2025-07-08 16:08:28,340 - ERROR - Modbus connection failed
2025-07-08 16:08:33,340 - ERROR - Modbus connection failed
2025-07-08 16:08:38,341 - ERROR - Modbus connection failed
2025-07-08 16:08:43,341 - ERROR - Modbus connection failed
2025-07-08 16:08:48,342 - ERROR - Modbus connection failed
2025-07-08 16:08:53,343 - ERROR - Modbus connection failed
2025-07-08 16:08:58,343 - ERROR - Modbus connection failed
2025-07-08 16:09:03,344 - ERROR - Modbus connection failed
2025-07-08 16:09:08,344 - ERROR - Modbus connection failed
2025-07-08 16:09:13,344 - ERROR - Modbus connection failed
2025-07-08 16:09:18,345 - ERROR - Modbus connection failed
2025-07-08 16:09:23,345 - ERROR - Modbus connection failed
2025-07-08 16:09:28,346 - ERROR - Modbus connection failed
2025-07-08 16:09:33,354 - ERROR - Modbus connection failed
2025-07-08 16:09:38,354 - ERROR - Modbus connection failed
2025-07-08 16:09:43,355 - ERROR - Modbus connection failed
2025-07-08 16:09:48,355 - ERROR - Modbus connection failed
2025-07-08 16:09:53,355 - ERROR - Modbus connection failed
2025-07-08 16:09:58,356 - ERROR - Modbus connection failed
2025-07-08 16:10:03,356 - ERROR - Modbus connection failed
2025-07-08 16:10:08,357 - ERROR - Modbus connection failed
2025-07-08 16:10:13,357 - ERROR - Modbus connection failed
2025-07-08 16:10:18,357 - ERROR - Modbus connection failed
2025-07-08 16:10:23,358 - ERROR - Modbus connection failed
2025-07-08 16:10:28,358 - ERROR - Modbus connection failed
2025-07-08 16:10:33,358 - ERROR - Modbus connection failed
2025-07-08 16:10:38,360 - ERROR - Modbus connection failed
2025-07-08 16:10:43,361 - ERROR - Modbus connection failed
2025-07-08 16:10:48,361 - ERROR - Modbus connection failed
2025-07-08 16:10:53,362 - ERROR - Modbus connection failed
2025-07-08 16:10:58,362 - ERROR - Modbus connection failed
2025-07-08 16:11:03,363 - ERROR - Modbus connection failed
2025-07-08 16:11:08,363 - ERROR - Modbus connection failed
2025-07-08 16:11:13,363 - ERROR - Modbus connection failed
2025-07-08 16:11:18,364 - ERROR - Modbus connection failed
2025-07-08 16:11:23,364 - ERROR - Modbus connection failed
2025-07-08 16:11:28,364 - ERROR - Modbus connection failed
2025-07-08 16:11:33,365 - ERROR - Modbus connection failed
2025-07-08 16:11:38,368 - ERROR - Modbus connection failed
2025-07-08 16:11:43,369 - ERROR - Modbus connection failed
2025-07-08 16:11:48,369 - ERROR - Modbus connection failed
2025-07-08 16:11:53,370 - ERROR - Modbus connection failed
2025-07-08 16:11:58,370 - ERROR - Modbus connection failed
2025-07-08 16:12:03,370 - ERROR - Modbus connection failed
2025-07-08 16:12:08,371 - ERROR - Modbus connection failed
2025-07-08 16:12:13,371 - ERROR - Modbus connection failed
2025-07-08 16:12:18,372 - ERROR - Modbus connection failed
2025-07-08 16:12:23,372 - ERROR - Modbus connection failed
2025-07-08 16:12:28,373 - ERROR - Modbus connection failed
2025-07-08 16:12:33,373 - ERROR - Modbus connection failed
2025-07-08 16:38:33,379 - INFO - Weather Station System Initialized
2025-07-08 16:38:33,694 - ERROR - Failed to connect to Modbus
2025-07-08 16:38:33,696 - ERROR - Modbus connection failed
2025-07-08 16:38:38,696 - ERROR - Modbus connection failed
2025-07-08 16:38:43,697 - ERROR - Modbus connection failed
2025-07-08 16:38:48,697 - ERROR - Modbus connection failed
2025-07-08 16:38:50,285 - INFO - Shutting down weather station system
2025-07-08 16:41:25,806 - INFO - Weather Station System Initialized
2025-07-08 16:41:26,212 - ERROR - Modbus connection failed in init_modbus
2025-07-08 16:42:03,666 - INFO - Weather Station System Initialized
2025-07-08 16:42:03,969 - ERROR - Modbus connection failed in init_modbus
2025-07-08 16:42:36,311 - INFO - Weather Station System Initialized
2025-07-08 16:42:36,611 - ERROR - Modbus connection failed in init_modbus
2025-07-08 16:42:36,612 - ERROR - Modbus connection failed sensor reader loop
2025-07-08 16:42:41,613 - ERROR - Modbus connection failed sensor reader loop
2025-07-08 16:42:42,768 - INFO - Shutting down weather station system
